<?xml version="1.0" encoding="UTF-8"?>
<!-- Generated by org.testng.reporters.JUnitXMLReporter -->
<testsuite ignored="8" hostname="DESKTOP-VLKFA8F" failures="0" tests="5" name="Test" time="38.825" errors="0" timestamp="19 Jun 2024 12:16:09 GMT">
  <testcase classname="com.HMS.Patient.ClickMedicalHistoryModule" name="checkMedicalHistory" time="6.351"/>
  <testcase classname="com.HMS.Patient.ClickBookUpdate" name="verifyMedicalHistoryVisible" time="1.998"/>
  <testcase classname="com.HMS.Patient.CLickAppointmentHistory" name="verifyAppointmentHistory" time="1.619"/>
  <testcase classname="com.HMS.Patient.ClickUpdateProfileButton" name="verifyUpdateProfile" time="0.857"/>
  <testcase classname="com.HMS.Patient.ClickBookAppointmentModule" name="verifyBookAppointmentmodule" time="7.93"/>
  <testcase classname="com.comcast.crm.generic.basetest.BaseClass" name="@BeforeSuite configBS" time="0.0">
    <ignored/>
  </testcase> <!-- @BeforeSuite configBS -->
  <testcase classname="com.comcast.crm.generic.basetest.BaseClass" name="@BeforeSuite configBS" time="0.0">
    <ignored/>
  </testcase> <!-- @BeforeSuite configBS -->
  <testcase classname="com.comcast.crm.generic.basetest.BaseClass" name="@BeforeSuite configBS" time="0.0">
    <ignored/>
  </testcase> <!-- @BeforeSuite configBS -->
  <testcase classname="com.comcast.crm.generic.basetest.BaseClass" name="@BeforeSuite configBS" time="0.0">
    <ignored/>
  </testcase> <!-- @BeforeSuite configBS -->
  <testcase classname="com.comcast.crm.generic.basetest.BaseClass" name="@AfterSuite configAS" time="0.0">
    <ignored/>
  </testcase> <!-- @AfterSuite configAS -->
  <testcase classname="com.comcast.crm.generic.basetest.BaseClass" name="@AfterSuite configAS" time="0.0">
    <ignored/>
  </testcase> <!-- @AfterSuite configAS -->
  <testcase classname="com.comcast.crm.generic.basetest.BaseClass" name="@AfterSuite configAS" time="0.0">
    <ignored/>
  </testcase> <!-- @AfterSuite configAS -->
  <testcase classname="com.comcast.crm.generic.basetest.BaseClass" name="@AfterSuite configAS" time="0.0">
    <ignored/>
  </testcase> <!-- @AfterSuite configAS -->
</testsuite> <!-- Test -->
